<?xml version="1.0" encoding="UTF-8"?>
<!-- Generated by org.testng.reporters.JUnitReportReporter -->
<testsuite hostname="DESKTOP-QNHJ5Q7" failures="0" tests="2" name="log4JExample.ValidateAmazonLink" time="2.437" errors="0" timestamp="2022-07-11T22:45:55 PDT" skipped="0">
  <testcase classname="log4JExample.ValidateAmazonLink" name="loginTest" time="0.418"/>
  <testcase classname="log4JExample.ValidateAmazonLink" name="logout" time="2.019"/>
</testsuite> <!-- log4JExample.ValidateAmazonLink -->
