<?xml version="1.0" encoding="UTF-8"?>
<!-- Generated by org.testng.reporters.JUnitReportReporter -->
<testsuite hostname="DESKTOP-QNHJ5Q7" failures="0" tests="1" name="com.pageobjectmodal.LoginTest" time="3.022" errors="0" timestamp="2022-07-12T23:23:08 PDT" skipped="0">
  <testcase classname="com.pageobjectmodal.LoginTest" name="loginAPP" time="3.022"/>
</testsuite> <!-- com.pageobjectmodal.LoginTest -->
