<?xml version="1.0" encoding="UTF-8"?>
<!-- Generated by org.testng.reporters.JUnitReportReporter -->
<testsuite hostname="DESKTOP-QNHJ5Q7" failures="0" tests="1" name="crossBrowserTesting.ValidateJavaScriptExecutor" time="5.112" errors="0" timestamp="2022-07-10T23:20:09 PDT" skipped="0">
  <testcase classname="crossBrowserTesting.ValidateJavaScriptExecutor" name="Test1" time="5.112"/>
</testsuite> <!-- crossBrowserTesting.ValidateJavaScriptExecutor -->
