<?xml version="1.0" encoding="UTF-8"?>
<!-- Generated by org.testng.reporters.JUnitReportReporter -->
<testsuite hostname="DESKTOP-QNHJ5Q7" failures="0" tests="1" name="log4JExample.ValidateScreenshot" time="1.549" errors="0" timestamp="2022-07-11T01:14:22 PDT" skipped="0">
  <testcase classname="log4JExample.ValidateScreenshot" name="login" time="1.549"/>
</testsuite> <!-- log4JExample.ValidateScreenshot -->
