<?xml version="1.0" encoding="UTF-8"?>
<!-- Generated by org.testng.reporters.JUnitReportReporter -->
<testsuite hostname="DESKTOP-QNHJ5Q7" failures="0" tests="2" name="com.pageobjectmodal.ValidateDataProviderTest" time="3.091" errors="0" timestamp="2022-07-13T01:04:38 PDT" skipped="0">
  <testcase classname="com.pageobjectmodal.ValidateDataProviderTest" name="loginAPP" time="1.227"/>
  <testcase classname="com.pageobjectmodal.ValidateDataProviderTest" name="loginAPP" time="1.864"/>
</testsuite> <!-- com.pageobjectmodal.ValidateDataProviderTest -->
