<?xml version="1.0" encoding="UTF-8"?>
<!-- Generated by org.testng.reporters.JUnitReportReporter -->
<testsuite hostname="DESKTOP-QNHJ5Q7" failures="0" tests="1" name="log4JExample.HRMLogin" time="1.465" errors="0" timestamp="2022-07-11T00:42:58 PDT" skipped="0">
  <testcase classname="log4JExample.HRMLogin" name="login" time="1.465"/>
</testsuite> <!-- log4JExample.HRMLogin -->
