<?xml version="1.0" encoding="UTF-8"?>
<!-- Generated by org.testng.reporters.JUnitReportReporter -->
<testsuite hostname="DESKTOP-QNHJ5Q7" failures="0" tests="2" name="log4JExample.Amazontest" time="5.124" errors="0" timestamp="2022-07-11T00:42:58 PDT" skipped="0">
  <testcase classname="log4JExample.Amazontest" name="loginTest" time="3.103"/>
  <testcase classname="log4JExample.Amazontest" name="logout" time="2.021"/>
</testsuite> <!-- log4JExample.Amazontest -->
