<?xml version="1.0" encoding="UTF-8"?>
<!-- Generated by org.testng.reporters.JUnitReportReporter -->
<testsuite hostname="DESKTOP-QNHJ5Q7" failures="0" tests="1" name="crossBrowserTesting.ValidateScreenshot" time="1.543" errors="0" timestamp="2022-07-11T01:10:34 PDT" skipped="0">
  <testcase classname="crossBrowserTesting.ValidateScreenshot" name="login" time="1.543"/>
</testsuite> <!-- crossBrowserTesting.ValidateScreenshot -->
