<?xml version="1.0" encoding="UTF-8"?>
<!-- Generated by org.testng.reporters.JUnitReportReporter -->
<testsuite hostname="DESKTOP-QNHJ5Q7" failures="0" tests="1" name="crossBrowserTesting.SimpleAlert" time="2.776" errors="0" timestamp="2022-07-07T14:25:50 PDT" skipped="0">
  <testcase classname="crossBrowserTesting.SimpleAlert" name="verifyAlert" time="2.776"/>
</testsuite> <!-- crossBrowserTesting.SimpleAlert -->
