<?xml version="1.0" encoding="UTF-8"?>
<!-- Generated by org.testng.reporters.JUnitReportReporter -->
<testsuite hostname="DESKTOP-QNHJ5Q7" failures="0" tests="1" name="crossBrowserTesting.HRMLoginTest" time="15.616" errors="0" timestamp="2022-07-07T13:18:57 PDT" skipped="0">
  <testcase classname="crossBrowserTesting.HRMLoginTest" name="login" time="15.616"/>
</testsuite> <!-- crossBrowserTesting.HRMLoginTest -->
