<?xml version="1.0" encoding="UTF-8"?>
<!-- Generated by org.testng.reporters.JUnitReportReporter -->
<testsuite hostname="DESKTOP-QNHJ5Q7" failures="0" tests="2" name="log4JExample.ValidateAmazonXpaths" time="6.864" errors="0" timestamp="2022-07-11T23:34:40 PDT" skipped="0">
  <testcase classname="log4JExample.ValidateAmazonXpaths" name="loginTest" time="4.842"/>
  <testcase classname="log4JExample.ValidateAmazonXpaths" name="logout" time="2.022"/>
</testsuite> <!-- log4JExample.ValidateAmazonXpaths -->
