<?xml version="1.0" encoding="UTF-8"?>
<!-- Generated by org.testng.reporters.JUnitReportReporter -->
<testsuite hostname="DESKTOP-QNHJ5Q7" failures="0" tests="2" name="crossBrowserTesting.ContextClickDoubleClick" time="8.547" errors="0" timestamp="2022-07-08T00:39:15 PDT" skipped="0">
  <testcase classname="crossBrowserTesting.ContextClickDoubleClick" name="RightClickTest" time="4.354"/>
  <testcase classname="crossBrowserTesting.ContextClickDoubleClick" name="DoubleClickTest" time="4.193"/>
</testsuite> <!-- crossBrowserTesting.ContextClickDoubleClick -->
